<?xml version="1.0" encoding="UTF-8"?>
<testng-results ignored="0" total="1" passed="1" failed="0" skipped="0">
  <reporter-output>
  </reporter-output>
  <suite started-at="2023-04-24T12:58:40 IST" name="Default suite" finished-at="2023-04-24T13:00:16 IST" duration-ms="95773">
    <groups>
    </groups>
    <test started-at="2023-04-24T12:58:40 IST" name="Default test" finished-at="2023-04-24T13:00:16 IST" duration-ms="95773">
      <class name="Umesh1stAppium.Appium1.eCommerce_TC_1">
        <test-method is-config="true" signature="ConfigureAppium()[pri:0, instance:Umesh1stAppium.Appium1.eCommerce_TC_1@1d9b7cce]" started-at="2023-04-24T12:58:40 IST" name="ConfigureAppium" finished-at="2023-04-24T12:59:05 IST" duration-ms="24883" status="PASS">
          <reporter-output>
          </reporter-output>
        </test-method> <!-- ConfigureAppium -->
        <test-method signature="FillForm()[pri:0, instance:Umesh1stAppium.Appium1.eCommerce_TC_1@1d9b7cce]" started-at="2023-04-24T12:59:05 IST" name="FillForm" finished-at="2023-04-24T13:00:15 IST" duration-ms="69567" status="PASS">
          <reporter-output>
          </reporter-output>
        </test-method> <!-- FillForm -->
        <test-method is-config="true" signature="tearDown()[pri:0, instance:Umesh1stAppium.Appium1.eCommerce_TC_1@1d9b7cce]" started-at="2023-04-24T13:00:15 IST" name="tearDown" finished-at="2023-04-24T13:00:16 IST" duration-ms="1290" status="PASS">
          <reporter-output>
          </reporter-output>
        </test-method> <!-- tearDown -->
      </class> <!-- Umesh1stAppium.Appium1.eCommerce_TC_1 -->
    </test> <!-- Default test -->
  </suite> <!-- Default suite -->
</testng-results>
